<?xml version="1.0" encoding="UTF-8"?>
<!-- Generated by org.testng.reporters.JUnitReportReporter -->
<testsuite skipped="0" hostname="CMDSNMUHANDIRAM" name="gtn.automation.testing.testsuites.TS_FormValidation" tests="1" failures="0" timestamp="09 Aug 2017 22:58:02 GMT" time="20.755" errors="0">
  <testcase name="tc_RegistrationFormValidation" time="20.755" classname="gtn.automation.testing.testsuites.TS_FormValidation"/>
</testsuite> <!-- gtn.automation.testing.testsuites.TS_FormValidation -->
