<?xml version="1.0" encoding="UTF-8"?>
<!-- Generated by org.testng.reporters.JUnitReportReporter -->
<testsuite skipped="0" hostname="CMDSNMUHANDIRAM" name="gtn.automation.test.testsuites.TS_FormValidation" tests="4" failures="0" timestamp="10 Aug 2017 08:07:42 GMT" time="197.325" errors="0">
  <testcase name="tc_RegistrationFormValidation1" time="70.041" classname="gtn.automation.test.testsuites.TS_FormValidation"/>
  <testcase name="tc_RegistrationFormValidation2" time="46.542" classname="gtn.automation.test.testsuites.TS_FormValidation"/>
  <testcase name="tc_RegistrationFormValidation3" time="18.762" classname="gtn.automation.test.testsuites.TS_FormValidation"/>
  <testcase name="tc_RegistrationFormValidation" time="61.980" classname="gtn.automation.test.testsuites.TS_FormValidation"/>
</testsuite> <!-- gtn.automation.test.testsuites.TS_FormValidation -->
